Using pre-set license
Built from '2020.3/staging' branch; Version is '2020.3.29f1 (2ff179115da0) revision 3142009'; Using compiler version '192528614'; Build Type 'Release'
OS: 'Windows 10  (10.0.19043) 64bit Professional' Language: 'en' Physical Memory: 8101 MB
BatchMode: 1, IsHumanControllingUs: 0, StartBugReporterOnCrash: 0, Is64bit: 1, IsPro: 0

COMMAND LINE ARGUMENTS:
C:\Program Files\Unity\Hub\Editor\2020.3.29f1\Editor\Unity.exe
-adb2
-batchMode
-noUpm
-name
AssetImportWorker1
-projectPath
C:/Users/METE/car
-logFile
Logs/AssetImportWorker1.log
-srvPort
53508
Successfully changed project path to: C:/Users/METE/car
C:/Users/METE/car
Using Asset Import Pipeline V2.
Refreshing native plugins compatible for Editor in 880.26 ms, found 3 plugins.
Preloading 0 native plugins for Editor in 0.00 ms.
Initialize engine version: 2020.3.29f1 (2ff179115da0)
[Subsystems] Discovering subsystems at path C:/Program Files/Unity/Hub/Editor/2020.3.29f1/Editor/Data/Resources/UnitySubsystems
[Subsystems] Discovering subsystems at path C:/Users/METE/car/Assets
GfxDevice: creating device client; threaded=0
Direct3D:
    Version:  Direct3D 11.0 [level 11.1]
    Renderer: Intel(R) UHD Graphics 620 (ID=0x5917)
    Vendor:   
    VRAM:     4050 MB
    Driver:   27.20.100.8729
Initialize mono
Mono path[0] = 'C:/Program Files/Unity/Hub/Editor/2020.3.29f1/Editor/Data/Managed'
Mono path[1] = 'C:/Program Files/Unity/Hub/Editor/2020.3.29f1/Editor/Data/MonoBleedingEdge/lib/mono/unityjit'
Mono config path = 'C:/Program Files/Unity/Hub/Editor/2020.3.29f1/Editor/Data/MonoBleedingEdge/etc'
Using monoOptions --debugger-agent=transport=dt_socket,embedding=1,server=y,suspend=n,address=127.0.0.1:56724
Begin MonoManager ReloadAssembly
Registering precompiled unity dll's ...
Register platform support module: C:/Program Files/Unity/Hub/Editor/2020.3.29f1/Editor/Data/PlaybackEngines/WebGLSupport/UnityEditor.WebGL.Extensions.dll
Register platform support module: C:/Program Files/Unity/Hub/Editor/2020.3.29f1/Editor/Data/PlaybackEngines/WindowsStandaloneSupport/UnityEditor.WindowsStandalone.Extensions.dll
Registered in 0.012998 seconds.
Native extension for WindowsStandalone target not found
Native extension for WebGL target not found
Refreshing native plugins compatible for Editor in 196.26 ms, found 3 plugins.
Preloading 0 native plugins for Editor in 0.00 ms.
Mono: successfully reloaded assembly
- Completed reload, in  2.899 seconds
Domain Reload Profiling:
	ReloadAssembly (2900ms)
		BeginReloadAssembly (299ms)
			ExecutionOrderSort (0ms)
			DisableScriptedObjects (0ms)
			BackupInstance (0ms)
			ReleaseScriptingObjects (0ms)
			CreateAndSetChildDomain (2ms)
		EndReloadAssembly (2266ms)
			LoadAssemblies (293ms)
			RebuildTransferFunctionScriptingTraits (0ms)
			SetupTypeCache (920ms)
			ReleaseScriptCaches (0ms)
			RebuildScriptCaches (83ms)
			SetupLoadedEditorAssemblies (847ms)
				LogAssemblyErrors (0ms)
				InitializePlatformSupportModulesInManaged (14ms)
				SetLoadedEditorAssemblies (0ms)
				RefreshPlugins (196ms)
				BeforeProcessingInitializeOnLoad (43ms)
				ProcessInitializeOnLoadAttributes (492ms)
				ProcessInitializeOnLoadMethodAttributes (99ms)
				AfterProcessingInitializeOnLoad (0ms)
				EditorAssembliesLoaded (1ms)
			ExecutionOrderSort2 (0ms)
			AwakeInstancesAfterBackupRestoration (0ms)
Platform modules already initialized, skipping
Registering precompiled user dll's ...
Registered in 0.017270 seconds.
Begin MonoManager ReloadAssembly
Native extension for WindowsStandalone target not found
Native extension for WebGL target not found
Refreshing native plugins compatible for Editor in 308.79 ms, found 3 plugins.
Preloading 0 native plugins for Editor in 0.00 ms.
Mono: successfully reloaded assembly
- Completed reload, in  9.198 seconds
Domain Reload Profiling:
	ReloadAssembly (9202ms)
		BeginReloadAssembly (582ms)
			ExecutionOrderSort (0ms)
			DisableScriptedObjects (16ms)
			BackupInstance (0ms)
			ReleaseScriptingObjects (0ms)
			CreateAndSetChildDomain (44ms)
		EndReloadAssembly (8413ms)
			LoadAssemblies (2537ms)
			RebuildTransferFunctionScriptingTraits (0ms)
			SetupTypeCache (2248ms)
			ReleaseScriptCaches (7ms)
			RebuildScriptCaches (668ms)
			SetupLoadedEditorAssemblies (2104ms)
				LogAssemblyErrors (0ms)
				InitializePlatformSupportModulesInManaged (56ms)
				SetLoadedEditorAssemblies (1ms)
				RefreshPlugins (309ms)
				BeforeProcessingInitializeOnLoad (398ms)
				ProcessInitializeOnLoadAttributes (1204ms)
				ProcessInitializeOnLoadMethodAttributes (100ms)
				AfterProcessingInitializeOnLoad (36ms)
				EditorAssembliesLoaded (1ms)
			ExecutionOrderSort2 (0ms)
			AwakeInstancesAfterBackupRestoration (43ms)
Platform modules already initialized, skipping
========================================================================
Worker process is ready to serve import requests
Launched and connected shader compiler UnityShaderCompiler.exe after 0.24 seconds
Refreshing native plugins compatible for Editor in 1.43 ms, found 3 plugins.
Preloading 0 native plugins for Editor in 0.00 ms.
Unloading 2201 Unused Serialized files (Serialized files now loaded: 0)
System memory in use before: 96.1 MB.
System memory in use after: 96.1 MB.

Unloading 31 unused Assets to reduce memory usage. Loaded Objects now: 2632.
Total: 11.835100 ms (FindLiveObjects: 0.594100 ms CreateObjectMapping: 0.307000 ms MarkObjects: 10.377800 ms  DeleteObjects: 0.553500 ms)

AssetImportParameters requested are different than current active one (requested -> active):
  custom:framework-win-MediaFoundation: 216162199b28c13a410421893ffa2e32 -> 
  custom:video-decoder-ogg-theora: a1e56fd34408186e4bbccfd4996cb3dc -> 
  custom:container-muxer-webm: aa71ff27fc2769a1b78a27578f13a17b -> 
  custom:container-demuxer-webm: 4f35f7cbe854078d1ac9338744f61a02 -> 
  custom:container-demuxer-ogg: 62fdf1f143b41e24485cea50d1cbac27 -> 
  custom:video-encoder-webm-vp8: eb34c28f22e8b96e1ab97ce403110664 -> 
  custom:video-decoder-webm-vp8: 9c59270c3fd7afecdb556c50c9e8de78 -> 
  custom:audio-decoder-ogg-vorbis: bf7c407c2cedff20999df2af8eb42d56 -> 
  custom:audio-encoder-webm-vorbis: bf7c407c2cedff20999df2af8eb42d56 -> 
========================================================================
Received Import Request.
  path: Assets/scripts/PlayerController.cs
  artifactKey: Guid(b1b272371ddab994fbc79ded80f1dc6a) Importer(815301076,1909f56bfc062723c751e8b465ee728b)
Start importing Assets/scripts/PlayerController.cs using Guid(b1b272371ddab994fbc79ded80f1dc6a) Importer(815301076,1909f56bfc062723c751e8b465ee728b)  -> (artifact id: '8a60982c146a0ac6be3b440df69b4e73') in 0.099861 seconds 
  Import took 0.113580 seconds .

========================================================================
Received Import Request.
  Time since last request: 1481.050109 seconds.
  path: Assets/scripts/enemydestroyerController.cs
  artifactKey: Guid(c1c3137838901ac44afaea8cdeb85342) Importer(815301076,1909f56bfc062723c751e8b465ee728b)
Start importing Assets/scripts/enemydestroyerController.cs using Guid(c1c3137838901ac44afaea8cdeb85342) Importer(815301076,1909f56bfc062723c751e8b465ee728b)  -> (artifact id: '33ca5be8c43e5369c9f2539431a99c0a') in 0.058455 seconds 
  Import took 0.609768 seconds .

========================================================================
Received Import Request.
  Time since last request: 0.800237 seconds.
  path: Assets/scripts/enemySpawner.cs
  artifactKey: Guid(f75e1b680590eea428c5d3fc8876f6ad) Importer(815301076,1909f56bfc062723c751e8b465ee728b)
Start importing Assets/scripts/enemySpawner.cs using Guid(f75e1b680590eea428c5d3fc8876f6ad) Importer(815301076,1909f56bfc062723c751e8b465ee728b)  -> (artifact id: 'f832ceb8bfd2c9c9de2c9103f4647c24') in 0.017264 seconds 
  Import took 0.030193 seconds .

========================================================================
Received Import Request.
  Time since last request: 771.468323 seconds.
  path: Assets/scripts/RoadController.cs
  artifactKey: Guid(fa36c503b2de646478c607ce7700a34b) Importer(815301076,1909f56bfc062723c751e8b465ee728b)
Start importing Assets/scripts/RoadController.cs using Guid(fa36c503b2de646478c607ce7700a34b) Importer(815301076,1909f56bfc062723c751e8b465ee728b)  -> (artifact id: 'c910771a904a2585ab15a068cacf4113') in 0.027500 seconds 
  Import took 0.042086 seconds .

AssetImportWorkerClient::OnTransportError - code=2 error=End of file
